{
"/Users/antoniopol/Desarrollo/react_examples/src/components/tab_system.js":{"path":"/Users/antoniopol/Desarrollo/react_examples/src/components/tab_system.js","s":{"1":1,"2":1,"3":1,"4":1,"5":4,"6":4,"7":4,"8":4,"9":4,"10":4,"11":1,"12":1,"13":1,"14":1,"15":0,"16":1,"17":1,"18":5,"19":5,"20":5,"21":5,"22":5,"23":5,"24":5,"25":0,"26":5,"27":5,"28":0,"29":0,"30":0,"31":0,"32":0,"33":0,"34":0,"35":0,"36":5,"37":5,"38":0,"39":0,"40":0,"41":0,"42":1,"43":1,"44":1,"45":5,"46":0,"47":1,"48":1,"49":0,"50":1,"51":1,"52":1,"53":1,"54":1,"55":1,"56":1,"57":1,"58":5,"59":5,"60":5,"61":1,"62":1,"63":6,"64":6,"65":18,"66":18,"67":6,"68":6,"69":6,"70":1,"71":1,"72":1},"b":{"1":[4,4],"2":[4,0],"3":[1,0],"4":[0,1],"5":[0,5],"6":[0,5],"7":[0,0],"8":[5,0],"9":[0,0],"10":[0,1],"11":[1,1],"12":[0,5],"13":[0,1],"14":[1,0],"15":[1,1],"16":[1,0],"17":[1,0]},"f":{"1":1,"2":1,"3":1,"4":5,"5":1,"6":5,"7":1,"8":1,"9":5,"10":1,"11":6,"12":18,"13":6,"14":6},"fnMap":{"1":{"name":"(anonymous_1)","line":2,"loc":{"start":{"line":2,"column":20},"end":{"line":2,"column":32}},"skip":true},"2":{"name":"defineProperties","line":2,"loc":{"start":{"line":2,"column":33},"end":{"line":2,"column":74}},"skip":true},"3":{"name":"(anonymous_3)","line":2,"loc":{"start":{"line":2,"column":348},"end":{"line":2,"column":396}},"skip":true},"4":{"name":"get","line":3,"loc":{"start":{"line":3,"column":11},"end":{"line":3,"column":38}},"skip":true},"5":{"name":"_interopRequireDefault","line":4,"loc":{"start":{"line":4,"column":0},"end":{"line":4,"column":37}},"skip":true},"6":{"name":"_classCallCheck","line":5,"loc":{"start":{"line":5,"column":0},"end":{"line":5,"column":48}},"skip":true},"7":{"name":"_inherits","line":6,"loc":{"start":{"line":6,"column":0},"end":{"line":6,"column":41}},"skip":true},"8":{"name":"(anonymous_8)","line":6,"loc":{"start":{"line":6,"column":580},"end":{"line":6,"column":608}}},"9":{"name":"TabSystem","line":8,"loc":{"start":{"line":8,"column":2},"end":{"line":8,"column":28}}},"10":{"name":"changeTab","line":13,"loc":{"start":{"line":13,"column":4},"end":{"line":13,"column":35}}},"11":{"name":"renderTabs","line":18,"loc":{"start":{"line":18,"column":4},"end":{"line":18,"column":26}}},"12":{"name":"(anonymous_12)","line":19,"loc":{"start":{"line":19,"column":50},"end":{"line":19,"column":72}}},"13":{"name":"renderDescription","line":29,"loc":{"start":{"line":29,"column":4},"end":{"line":29,"column":33}}},"14":{"name":"render","line":38,"loc":{"start":{"line":38,"column":4},"end":{"line":38,"column":22}}}},"statementMap":{"1":{"start":{"line":1,"column":13},"end":{"line":1,"column":75}},"2":{"start":{"line":2,"column":0},"end":{"line":2,"column":551},"skip":true},"3":{"start":{"line":2,"column":33},"end":{"line":2,"column":341},"skip":true},"4":{"start":{"line":2,"column":75},"end":{"line":2,"column":340},"skip":true},"5":{"start":{"line":2,"column":115},"end":{"line":2,"column":141},"skip":true},"6":{"start":{"line":2,"column":141},"end":{"line":2,"column":196},"skip":true},"7":{"start":{"line":2,"column":196},"end":{"line":2,"column":227},"skip":true},"8":{"start":{"line":2,"column":227},"end":{"line":2,"column":281},"skip":true},"9":{"start":{"line":2,"column":254},"end":{"line":2,"column":281},"skip":true},"10":{"start":{"line":2,"column":281},"end":{"line":2,"column":339},"skip":true},"11":{"start":{"line":2,"column":341},"end":{"line":2,"column":546},"skip":true},"12":{"start":{"line":2,"column":397},"end":{"line":2,"column":465},"skip":true},"13":{"start":{"line":2,"column":413},"end":{"line":2,"column":465},"skip":true},"14":{"start":{"line":2,"column":465},"end":{"line":2,"column":525},"skip":true},"15":{"start":{"line":2,"column":482},"end":{"line":2,"column":525},"skip":true},"16":{"start":{"line":2,"column":525},"end":{"line":2,"column":544},"skip":true},"17":{"start":{"line":3,"column":0},"end":{"line":3,"column":638},"skip":true},"18":{"start":{"line":3,"column":39},"end":{"line":3,"column":57},"skip":true},"19":{"start":{"line":3,"column":57},"end":{"line":3,"column":636},"skip":true},"20":{"start":{"line":3,"column":68},"end":{"line":3,"column":636},"skip":true},"21":{"start":{"line":3,"column":84},"end":{"line":3,"column":132},"skip":true},"22":{"start":{"line":3,"column":132},"end":{"line":3,"column":167},"skip":true},"23":{"start":{"line":3,"column":167},"end":{"line":3,"column":182},"skip":true},"24":{"start":{"line":3,"column":182},"end":{"line":3,"column":231},"skip":true},"25":{"start":{"line":3,"column":203},"end":{"line":3,"column":231},"skip":true},"26":{"start":{"line":3,"column":231},"end":{"line":3,"column":292},"skip":true},"27":{"start":{"line":3,"column":292},"end":{"line":3,"column":635},"skip":true},"28":{"start":{"line":3,"column":317},"end":{"line":3,"column":360},"skip":true},"29":{"start":{"line":3,"column":360},"end":{"line":3,"column":483},"skip":true},"30":{"start":{"line":3,"column":382},"end":{"line":3,"column":399},"skip":true},"31":{"start":{"line":3,"column":407},"end":{"line":3,"column":419},"skip":true},"32":{"start":{"line":3,"column":419},"end":{"line":3,"column":434},"skip":true},"33":{"start":{"line":3,"column":434},"end":{"line":3,"column":449},"skip":true},"34":{"start":{"line":3,"column":449},"end":{"line":3,"column":463},"skip":true},"35":{"start":{"line":3,"column":463},"end":{"line":3,"column":482},"skip":true},"36":{"start":{"line":3,"column":490},"end":{"line":3,"column":635},"skip":true},"37":{"start":{"line":3,"column":512},"end":{"line":3,"column":530},"skip":true},"38":{"start":{"line":3,"column":538},"end":{"line":3,"column":560},"skip":true},"39":{"start":{"line":3,"column":560},"end":{"line":3,"column":605},"skip":true},"40":{"start":{"line":3,"column":587},"end":{"line":3,"column":604},"skip":true},"41":{"start":{"line":3,"column":605},"end":{"line":3,"column":634},"skip":true},"42":{"start":{"line":4,"column":0},"end":{"line":4,"column":95},"skip":true},"43":{"start":{"line":4,"column":38},"end":{"line":4,"column":94},"skip":true},"44":{"start":{"line":5,"column":0},"end":{"line":5,"column":149},"skip":true},"45":{"start":{"line":5,"column":49},"end":{"line":5,"column":148},"skip":true},"46":{"start":{"line":5,"column":90},"end":{"line":5,"column":147},"skip":true},"47":{"start":{"line":6,"column":0},"end":{"line":6,"column":488},"skip":true},"48":{"start":{"line":6,"column":42},"end":{"line":6,"column":205},"skip":true},"49":{"start":{"line":6,"column":104},"end":{"line":6,"column":204},"skip":true},"50":{"start":{"line":6,"column":205},"end":{"line":6,"column":369},"skip":true},"51":{"start":{"line":6,"column":369},"end":{"line":6,"column":487},"skip":true},"52":{"start":{"line":6,"column":385},"end":{"line":6,"column":487},"skip":true},"53":{"start":{"line":6,"column":488},"end":{"line":6,"column":518}},"54":{"start":{"line":6,"column":518},"end":{"line":6,"column":563}},"55":{"start":{"line":6,"column":563},"end":{"line":48,"column":111}},"56":{"start":{"line":6,"column":609},"end":{"line":6,"column":648}},"57":{"start":{"line":8,"column":2},"end":{"line":10,"column":36}},"58":{"start":{"line":8,"column":29},"end":{"line":8,"column":62}},"59":{"start":{"line":9,"column":4},"end":{"line":9,"column":92}},"60":{"start":{"line":10,"column":4},"end":{"line":10,"column":35}},"61":{"start":{"line":10,"column":36},"end":{"line":48,"column":61}},"62":{"start":{"line":15,"column":6},"end":{"line":15,"column":48}},"63":{"start":{"line":19,"column":6},"end":{"line":19,"column":23},"skip":true},"64":{"start":{"line":19,"column":23},"end":{"line":23,"column":24}},"65":{"start":{"line":20,"column":8},"end":{"line":20,"column":62}},"66":{"start":{"line":21,"column":8},"end":{"line":23,"column":21}},"67":{"start":{"line":30,"column":6},"end":{"line":30,"column":55}},"68":{"start":{"line":31,"column":6},"end":{"line":33,"column":26}},"69":{"start":{"line":39,"column":6},"end":{"line":48,"column":55}},"70":{"start":{"line":48,"column":61},"end":{"line":48,"column":78}},"71":{"start":{"line":54,"column":1},"end":{"line":56,"column":10}},"72":{"start":{"line":56,"column":10},"end":{"line":56,"column":46}}},"branchMap":{"1":{"line":2,"type":"binary-expr","locations":[{"start":{"line":2,"column":165},"end":{"line":2,"column":186},"skip":true},{"start":{"line":2,"column":190},"end":{"line":2,"column":195},"skip":true}]},"2":{"line":2,"type":"if","locations":[{"start":{"line":2,"column":227},"end":{"line":2,"column":227},"skip":true},{"start":{"line":2,"column":227},"end":{"line":2,"column":227},"skip":true}]},"3":{"line":2,"type":"if","locations":[{"start":{"line":2,"column":397},"end":{"line":2,"column":397},"skip":true},{"start":{"line":2,"column":397},"end":{"line":2,"column":397},"skip":true}]},"4":{"line":2,"type":"if","locations":[{"start":{"line":2,"column":465},"end":{"line":2,"column":465},"skip":true},{"start":{"line":2,"column":465},"end":{"line":2,"column":465},"skip":true}]},"5":{"line":3,"type":"if","locations":[{"start":{"line":3,"column":182},"end":{"line":3,"column":182},"skip":true},{"start":{"line":3,"column":182},"end":{"line":3,"column":182},"skip":true}]},"6":{"line":3,"type":"if","locations":[{"start":{"line":3,"column":292},"end":{"line":3,"column":292},"skip":true},{"start":{"line":3,"column":292},"end":{"line":3,"column":292},"skip":true}]},"7":{"line":3,"type":"if","locations":[{"start":{"line":3,"column":360},"end":{"line":3,"column":360},"skip":true},{"start":{"line":3,"column":360},"end":{"line":3,"column":360},"skip":true}]},"8":{"line":3,"type":"if","locations":[{"start":{"line":3,"column":490},"end":{"line":3,"column":490},"skip":true},{"start":{"line":3,"column":490},"end":{"line":3,"column":490},"skip":true}]},"9":{"line":3,"type":"if","locations":[{"start":{"line":3,"column":560},"end":{"line":3,"column":560},"skip":true},{"start":{"line":3,"column":560},"end":{"line":3,"column":560},"skip":true}]},"10":{"line":4,"type":"cond-expr","locations":[{"start":{"line":4,"column":69},"end":{"line":4,"column":72},"skip":true},{"start":{"line":4,"column":75},"end":{"line":4,"column":93},"skip":true}]},"11":{"line":4,"type":"binary-expr","locations":[{"start":{"line":4,"column":45},"end":{"line":4,"column":48},"skip":true},{"start":{"line":4,"column":52},"end":{"line":4,"column":66},"skip":true}]},"12":{"line":5,"type":"if","locations":[{"start":{"line":5,"column":49},"end":{"line":5,"column":49},"skip":true},{"start":{"line":5,"column":49},"end":{"line":5,"column":49},"skip":true}]},"13":{"line":6,"type":"if","locations":[{"start":{"line":6,"column":42},"end":{"line":6,"column":42},"skip":true},{"start":{"line":6,"column":42},"end":{"line":6,"column":42},"skip":true}]},"14":{"line":6,"type":"binary-expr","locations":[{"start":{"line":6,"column":46},"end":{"line":6,"column":78},"skip":true},{"start":{"line":6,"column":82},"end":{"line":6,"column":101},"skip":true}]},"15":{"line":6,"type":"binary-expr","locations":[{"start":{"line":6,"column":240},"end":{"line":6,"column":250},"skip":true},{"start":{"line":6,"column":254},"end":{"line":6,"column":274},"skip":true}]},"16":{"line":6,"type":"if","locations":[{"start":{"line":6,"column":369},"end":{"line":6,"column":369},"skip":true},{"start":{"line":6,"column":369},"end":{"line":6,"column":369},"skip":true}]},"17":{"line":6,"type":"cond-expr","locations":[{"start":{"line":6,"column":409},"end":{"line":6,"column":452},"skip":true},{"start":{"line":6,"column":455},"end":{"line":6,"column":486},"skip":true}]}},"l":{"1":1,"2":4,"3":5,"4":1,"5":5,"6":1,"8":5,"9":5,"10":5,"15":1,"19":6,"20":18,"21":18,"30":6,"31":6,"39":6,"48":1,"54":1,"56":1}},
"/Users/antoniopol/Desarrollo/react_examples/src/components/tab_system2.js":{"path":"/Users/antoniopol/Desarrollo/react_examples/src/components/tab_system2.js","s":{"1":1,"2":1,"3":1,"4":1,"5":2,"6":2,"7":2,"8":2,"9":2,"10":2,"11":1,"12":1,"13":1,"14":1,"15":0,"16":1,"17":1,"18":4,"19":4,"20":4,"21":4,"22":4,"23":4,"24":4,"25":0,"26":4,"27":4,"28":0,"29":0,"30":0,"31":0,"32":0,"33":0,"34":0,"35":0,"36":4,"37":4,"38":0,"39":0,"40":0,"41":0,"42":1,"43":2,"44":1,"45":4,"46":0,"47":1,"48":1,"49":0,"50":1,"51":1,"52":1,"53":1,"54":1,"55":1,"56":1,"57":1,"58":1,"59":1,"60":1,"61":1,"62":4,"63":4,"64":4,"65":1,"66":0,"67":4,"68":1,"69":1,"70":1},"b":{"1":[2,2],"2":[2,0],"3":[1,0],"4":[0,1],"5":[0,4],"6":[0,4],"7":[0,0],"8":[4,0],"9":[0,0],"10":[0,2],"11":[2,2],"12":[0,4],"13":[0,1],"14":[1,0],"15":[1,1],"16":[1,0],"17":[1,0]},"f":{"1":1,"2":1,"3":1,"4":4,"5":2,"6":4,"7":1,"8":1,"9":4,"10":0,"11":4},"fnMap":{"1":{"name":"(anonymous_1)","line":2,"loc":{"start":{"line":2,"column":20},"end":{"line":2,"column":32}},"skip":true},"2":{"name":"defineProperties","line":2,"loc":{"start":{"line":2,"column":33},"end":{"line":2,"column":74}},"skip":true},"3":{"name":"(anonymous_3)","line":2,"loc":{"start":{"line":2,"column":348},"end":{"line":2,"column":396}},"skip":true},"4":{"name":"get","line":3,"loc":{"start":{"line":3,"column":11},"end":{"line":3,"column":38}},"skip":true},"5":{"name":"_interopRequireDefault","line":4,"loc":{"start":{"line":4,"column":0},"end":{"line":4,"column":37}},"skip":true},"6":{"name":"_classCallCheck","line":5,"loc":{"start":{"line":5,"column":0},"end":{"line":5,"column":48}},"skip":true},"7":{"name":"_inherits","line":6,"loc":{"start":{"line":6,"column":0},"end":{"line":6,"column":41}},"skip":true},"8":{"name":"(anonymous_8)","line":13,"loc":{"start":{"line":13,"column":14},"end":{"line":13,"column":42}}},"9":{"name":"TabSystem2","line":14,"loc":{"start":{"line":14,"column":2},"end":{"line":14,"column":29}}},"10":{"name":"handleClick","line":19,"loc":{"start":{"line":19,"column":4},"end":{"line":19,"column":37}}},"11":{"name":"render","line":23,"loc":{"start":{"line":23,"column":4},"end":{"line":23,"column":22}}}},"statementMap":{"1":{"start":{"line":1,"column":13},"end":{"line":1,"column":75}},"2":{"start":{"line":2,"column":0},"end":{"line":2,"column":551},"skip":true},"3":{"start":{"line":2,"column":33},"end":{"line":2,"column":341},"skip":true},"4":{"start":{"line":2,"column":75},"end":{"line":2,"column":340},"skip":true},"5":{"start":{"line":2,"column":115},"end":{"line":2,"column":141},"skip":true},"6":{"start":{"line":2,"column":141},"end":{"line":2,"column":196},"skip":true},"7":{"start":{"line":2,"column":196},"end":{"line":2,"column":227},"skip":true},"8":{"start":{"line":2,"column":227},"end":{"line":2,"column":281},"skip":true},"9":{"start":{"line":2,"column":254},"end":{"line":2,"column":281},"skip":true},"10":{"start":{"line":2,"column":281},"end":{"line":2,"column":339},"skip":true},"11":{"start":{"line":2,"column":341},"end":{"line":2,"column":546},"skip":true},"12":{"start":{"line":2,"column":397},"end":{"line":2,"column":465},"skip":true},"13":{"start":{"line":2,"column":413},"end":{"line":2,"column":465},"skip":true},"14":{"start":{"line":2,"column":465},"end":{"line":2,"column":525},"skip":true},"15":{"start":{"line":2,"column":482},"end":{"line":2,"column":525},"skip":true},"16":{"start":{"line":2,"column":525},"end":{"line":2,"column":544},"skip":true},"17":{"start":{"line":3,"column":0},"end":{"line":3,"column":638},"skip":true},"18":{"start":{"line":3,"column":39},"end":{"line":3,"column":57},"skip":true},"19":{"start":{"line":3,"column":57},"end":{"line":3,"column":636},"skip":true},"20":{"start":{"line":3,"column":68},"end":{"line":3,"column":636},"skip":true},"21":{"start":{"line":3,"column":84},"end":{"line":3,"column":132},"skip":true},"22":{"start":{"line":3,"column":132},"end":{"line":3,"column":167},"skip":true},"23":{"start":{"line":3,"column":167},"end":{"line":3,"column":182},"skip":true},"24":{"start":{"line":3,"column":182},"end":{"line":3,"column":231},"skip":true},"25":{"start":{"line":3,"column":203},"end":{"line":3,"column":231},"skip":true},"26":{"start":{"line":3,"column":231},"end":{"line":3,"column":292},"skip":true},"27":{"start":{"line":3,"column":292},"end":{"line":3,"column":635},"skip":true},"28":{"start":{"line":3,"column":317},"end":{"line":3,"column":360},"skip":true},"29":{"start":{"line":3,"column":360},"end":{"line":3,"column":483},"skip":true},"30":{"start":{"line":3,"column":382},"end":{"line":3,"column":399},"skip":true},"31":{"start":{"line":3,"column":407},"end":{"line":3,"column":419},"skip":true},"32":{"start":{"line":3,"column":419},"end":{"line":3,"column":434},"skip":true},"33":{"start":{"line":3,"column":434},"end":{"line":3,"column":449},"skip":true},"34":{"start":{"line":3,"column":449},"end":{"line":3,"column":463},"skip":true},"35":{"start":{"line":3,"column":463},"end":{"line":3,"column":482},"skip":true},"36":{"start":{"line":3,"column":490},"end":{"line":3,"column":635},"skip":true},"37":{"start":{"line":3,"column":512},"end":{"line":3,"column":530},"skip":true},"38":{"start":{"line":3,"column":538},"end":{"line":3,"column":560},"skip":true},"39":{"start":{"line":3,"column":560},"end":{"line":3,"column":605},"skip":true},"40":{"start":{"line":3,"column":587},"end":{"line":3,"column":604},"skip":true},"41":{"start":{"line":3,"column":605},"end":{"line":3,"column":634},"skip":true},"42":{"start":{"line":4,"column":0},"end":{"line":4,"column":95},"skip":true},"43":{"start":{"line":4,"column":38},"end":{"line":4,"column":94},"skip":true},"44":{"start":{"line":5,"column":0},"end":{"line":5,"column":149},"skip":true},"45":{"start":{"line":5,"column":49},"end":{"line":5,"column":148},"skip":true},"46":{"start":{"line":5,"column":90},"end":{"line":5,"column":147},"skip":true},"47":{"start":{"line":6,"column":0},"end":{"line":6,"column":488},"skip":true},"48":{"start":{"line":6,"column":42},"end":{"line":6,"column":205},"skip":true},"49":{"start":{"line":6,"column":104},"end":{"line":6,"column":204},"skip":true},"50":{"start":{"line":6,"column":205},"end":{"line":6,"column":369},"skip":true},"51":{"start":{"line":6,"column":369},"end":{"line":6,"column":487},"skip":true},"52":{"start":{"line":6,"column":385},"end":{"line":6,"column":487},"skip":true},"53":{"start":{"line":6,"column":488},"end":{"line":6,"column":518}},"54":{"start":{"line":6,"column":518},"end":{"line":6,"column":563}},"55":{"start":{"line":6,"column":563},"end":{"line":6,"column":593}},"56":{"start":{"line":6,"column":593},"end":{"line":6,"column":636}},"57":{"start":{"line":6,"column":636},"end":{"line":6,"column":651}},"58":{"start":{"line":7,"column":0},"end":{"line":10,"column":47}},"59":{"start":{"line":10,"column":47},"end":{"line":28,"column":112}},"60":{"start":{"line":13,"column":43},"end":{"line":13,"column":83}},"61":{"start":{"line":14,"column":2},"end":{"line":16,"column":36}},"62":{"start":{"line":14,"column":30},"end":{"line":14,"column":64}},"63":{"start":{"line":15,"column":4},"end":{"line":15,"column":93}},"64":{"start":{"line":16,"column":4},"end":{"line":16,"column":35}},"65":{"start":{"line":16,"column":36},"end":{"line":28,"column":61}},"66":{"start":{"line":20,"column":6},"end":{"line":20,"column":48}},"67":{"start":{"line":24,"column":6},"end":{"line":28,"column":55}},"68":{"start":{"line":28,"column":61},"end":{"line":28,"column":79}},"69":{"start":{"line":32,"column":1},"end":{"line":35,"column":11}},"70":{"start":{"line":35,"column":11},"end":{"line":35,"column":47}}},"branchMap":{"1":{"line":2,"type":"binary-expr","locations":[{"start":{"line":2,"column":165},"end":{"line":2,"column":186},"skip":true},{"start":{"line":2,"column":190},"end":{"line":2,"column":195},"skip":true}]},"2":{"line":2,"type":"if","locations":[{"start":{"line":2,"column":227},"end":{"line":2,"column":227},"skip":true},{"start":{"line":2,"column":227},"end":{"line":2,"column":227},"skip":true}]},"3":{"line":2,"type":"if","locations":[{"start":{"line":2,"column":397},"end":{"line":2,"column":397},"skip":true},{"start":{"line":2,"column":397},"end":{"line":2,"column":397},"skip":true}]},"4":{"line":2,"type":"if","locations":[{"start":{"line":2,"column":465},"end":{"line":2,"column":465},"skip":true},{"start":{"line":2,"column":465},"end":{"line":2,"column":465},"skip":true}]},"5":{"line":3,"type":"if","locations":[{"start":{"line":3,"column":182},"end":{"line":3,"column":182},"skip":true},{"start":{"line":3,"column":182},"end":{"line":3,"column":182},"skip":true}]},"6":{"line":3,"type":"if","locations":[{"start":{"line":3,"column":292},"end":{"line":3,"column":292},"skip":true},{"start":{"line":3,"column":292},"end":{"line":3,"column":292},"skip":true}]},"7":{"line":3,"type":"if","locations":[{"start":{"line":3,"column":360},"end":{"line":3,"column":360},"skip":true},{"start":{"line":3,"column":360},"end":{"line":3,"column":360},"skip":true}]},"8":{"line":3,"type":"if","locations":[{"start":{"line":3,"column":490},"end":{"line":3,"column":490},"skip":true},{"start":{"line":3,"column":490},"end":{"line":3,"column":490},"skip":true}]},"9":{"line":3,"type":"if","locations":[{"start":{"line":3,"column":560},"end":{"line":3,"column":560},"skip":true},{"start":{"line":3,"column":560},"end":{"line":3,"column":560},"skip":true}]},"10":{"line":4,"type":"cond-expr","locations":[{"start":{"line":4,"column":69},"end":{"line":4,"column":72},"skip":true},{"start":{"line":4,"column":75},"end":{"line":4,"column":93},"skip":true}]},"11":{"line":4,"type":"binary-expr","locations":[{"start":{"line":4,"column":45},"end":{"line":4,"column":48},"skip":true},{"start":{"line":4,"column":52},"end":{"line":4,"column":66},"skip":true}]},"12":{"line":5,"type":"if","locations":[{"start":{"line":5,"column":49},"end":{"line":5,"column":49},"skip":true},{"start":{"line":5,"column":49},"end":{"line":5,"column":49},"skip":true}]},"13":{"line":6,"type":"if","locations":[{"start":{"line":6,"column":42},"end":{"line":6,"column":42},"skip":true},{"start":{"line":6,"column":42},"end":{"line":6,"column":42},"skip":true}]},"14":{"line":6,"type":"binary-expr","locations":[{"start":{"line":6,"column":46},"end":{"line":6,"column":78},"skip":true},{"start":{"line":6,"column":82},"end":{"line":6,"column":101},"skip":true}]},"15":{"line":6,"type":"binary-expr","locations":[{"start":{"line":6,"column":240},"end":{"line":6,"column":250},"skip":true},{"start":{"line":6,"column":254},"end":{"line":6,"column":274},"skip":true}]},"16":{"line":6,"type":"if","locations":[{"start":{"line":6,"column":369},"end":{"line":6,"column":369},"skip":true},{"start":{"line":6,"column":369},"end":{"line":6,"column":369},"skip":true}]},"17":{"line":6,"type":"cond-expr","locations":[{"start":{"line":6,"column":409},"end":{"line":6,"column":452},"skip":true},{"start":{"line":6,"column":455},"end":{"line":6,"column":486},"skip":true}]}},"l":{"1":1,"2":2,"3":4,"4":2,"5":4,"6":1,"7":1,"10":1,"13":1,"14":4,"15":4,"16":4,"20":0,"24":4,"28":1,"32":1,"35":1}},
"/Users/antoniopol/Desarrollo/react_examples/src/components/tabs.js":{"path":"/Users/antoniopol/Desarrollo/react_examples/src/components/tabs.js","s":{"1":2,"2":2,"3":2,"4":2,"5":4,"6":4,"7":4,"8":4,"9":4,"10":4,"11":2,"12":2,"13":2,"14":2,"15":0,"16":2,"17":2,"18":2,"19":2,"20":2,"21":2,"22":2,"23":2,"24":2,"25":0,"26":2,"27":2,"28":0,"29":0,"30":0,"31":0,"32":0,"33":0,"34":0,"35":0,"36":2,"37":2,"38":0,"39":0,"40":0,"41":0,"42":2,"43":4,"44":2,"45":2,"46":0,"47":2,"48":2,"49":0,"50":2,"51":2,"52":2,"53":2,"54":2,"55":2,"56":2,"57":2,"58":2,"59":2,"60":2,"61":2,"62":2,"63":2,"64":2,"65":2,"66":6,"67":6,"68":6,"69":2,"70":2,"71":2,"72":2,"73":2},"b":{"1":[4,4],"2":[4,0],"3":[2,0],"4":[0,2],"5":[0,2],"6":[0,2],"7":[0,0],"8":[2,0],"9":[0,0],"10":[0,4],"11":[4,4],"12":[0,2],"13":[0,2],"14":[2,0],"15":[2,2],"16":[2,0],"17":[2,0],"18":[0,6]},"f":{"1":2,"2":2,"3":2,"4":2,"5":4,"6":2,"7":2,"8":2,"9":2,"10":2,"11":6,"12":2},"fnMap":{"1":{"name":"(anonymous_1)","line":2,"loc":{"start":{"line":2,"column":20},"end":{"line":2,"column":32}},"skip":true},"2":{"name":"defineProperties","line":2,"loc":{"start":{"line":2,"column":33},"end":{"line":2,"column":74}},"skip":true},"3":{"name":"(anonymous_3)","line":2,"loc":{"start":{"line":2,"column":348},"end":{"line":2,"column":396}},"skip":true},"4":{"name":"get","line":3,"loc":{"start":{"line":3,"column":11},"end":{"line":3,"column":38}},"skip":true},"5":{"name":"_interopRequireDefault","line":4,"loc":{"start":{"line":4,"column":0},"end":{"line":4,"column":37}},"skip":true},"6":{"name":"_classCallCheck","line":5,"loc":{"start":{"line":5,"column":0},"end":{"line":5,"column":48}},"skip":true},"7":{"name":"_inherits","line":6,"loc":{"start":{"line":6,"column":0},"end":{"line":6,"column":41}},"skip":true},"8":{"name":"(anonymous_8)","line":7,"loc":{"start":{"line":7,"column":8},"end":{"line":7,"column":36}}},"9":{"name":"Tabs","line":7,"loc":{"start":{"line":7,"column":71},"end":{"line":7,"column":87}}},"10":{"name":"renderTabs","line":10,"loc":{"start":{"line":10,"column":4},"end":{"line":10,"column":26}}},"11":{"name":"(anonymous_11)","line":11,"loc":{"start":{"line":11,"column":50},"end":{"line":11,"column":72}}},"12":{"name":"render","line":24,"loc":{"start":{"line":24,"column":4},"end":{"line":24,"column":22}}}},"statementMap":{"1":{"start":{"line":1,"column":13},"end":{"line":1,"column":75}},"2":{"start":{"line":2,"column":0},"end":{"line":2,"column":551},"skip":true},"3":{"start":{"line":2,"column":33},"end":{"line":2,"column":341},"skip":true},"4":{"start":{"line":2,"column":75},"end":{"line":2,"column":340},"skip":true},"5":{"start":{"line":2,"column":115},"end":{"line":2,"column":141},"skip":true},"6":{"start":{"line":2,"column":141},"end":{"line":2,"column":196},"skip":true},"7":{"start":{"line":2,"column":196},"end":{"line":2,"column":227},"skip":true},"8":{"start":{"line":2,"column":227},"end":{"line":2,"column":281},"skip":true},"9":{"start":{"line":2,"column":254},"end":{"line":2,"column":281},"skip":true},"10":{"start":{"line":2,"column":281},"end":{"line":2,"column":339},"skip":true},"11":{"start":{"line":2,"column":341},"end":{"line":2,"column":546},"skip":true},"12":{"start":{"line":2,"column":397},"end":{"line":2,"column":465},"skip":true},"13":{"start":{"line":2,"column":413},"end":{"line":2,"column":465},"skip":true},"14":{"start":{"line":2,"column":465},"end":{"line":2,"column":525},"skip":true},"15":{"start":{"line":2,"column":482},"end":{"line":2,"column":525},"skip":true},"16":{"start":{"line":2,"column":525},"end":{"line":2,"column":544},"skip":true},"17":{"start":{"line":3,"column":0},"end":{"line":3,"column":638},"skip":true},"18":{"start":{"line":3,"column":39},"end":{"line":3,"column":57},"skip":true},"19":{"start":{"line":3,"column":57},"end":{"line":3,"column":636},"skip":true},"20":{"start":{"line":3,"column":68},"end":{"line":3,"column":636},"skip":true},"21":{"start":{"line":3,"column":84},"end":{"line":3,"column":132},"skip":true},"22":{"start":{"line":3,"column":132},"end":{"line":3,"column":167},"skip":true},"23":{"start":{"line":3,"column":167},"end":{"line":3,"column":182},"skip":true},"24":{"start":{"line":3,"column":182},"end":{"line":3,"column":231},"skip":true},"25":{"start":{"line":3,"column":203},"end":{"line":3,"column":231},"skip":true},"26":{"start":{"line":3,"column":231},"end":{"line":3,"column":292},"skip":true},"27":{"start":{"line":3,"column":292},"end":{"line":3,"column":635},"skip":true},"28":{"start":{"line":3,"column":317},"end":{"line":3,"column":360},"skip":true},"29":{"start":{"line":3,"column":360},"end":{"line":3,"column":483},"skip":true},"30":{"start":{"line":3,"column":382},"end":{"line":3,"column":399},"skip":true},"31":{"start":{"line":3,"column":407},"end":{"line":3,"column":419},"skip":true},"32":{"start":{"line":3,"column":419},"end":{"line":3,"column":434},"skip":true},"33":{"start":{"line":3,"column":434},"end":{"line":3,"column":449},"skip":true},"34":{"start":{"line":3,"column":449},"end":{"line":3,"column":463},"skip":true},"35":{"start":{"line":3,"column":463},"end":{"line":3,"column":482},"skip":true},"36":{"start":{"line":3,"column":490},"end":{"line":3,"column":635},"skip":true},"37":{"start":{"line":3,"column":512},"end":{"line":3,"column":530},"skip":true},"38":{"start":{"line":3,"column":538},"end":{"line":3,"column":560},"skip":true},"39":{"start":{"line":3,"column":560},"end":{"line":3,"column":605},"skip":true},"40":{"start":{"line":3,"column":587},"end":{"line":3,"column":604},"skip":true},"41":{"start":{"line":3,"column":605},"end":{"line":3,"column":634},"skip":true},"42":{"start":{"line":4,"column":0},"end":{"line":4,"column":95},"skip":true},"43":{"start":{"line":4,"column":38},"end":{"line":4,"column":94},"skip":true},"44":{"start":{"line":5,"column":0},"end":{"line":5,"column":149},"skip":true},"45":{"start":{"line":5,"column":49},"end":{"line":5,"column":148},"skip":true},"46":{"start":{"line":5,"column":90},"end":{"line":5,"column":147},"skip":true},"47":{"start":{"line":6,"column":0},"end":{"line":6,"column":488},"skip":true},"48":{"start":{"line":6,"column":42},"end":{"line":6,"column":205},"skip":true},"49":{"start":{"line":6,"column":104},"end":{"line":6,"column":204},"skip":true},"50":{"start":{"line":6,"column":205},"end":{"line":6,"column":369},"skip":true},"51":{"start":{"line":6,"column":369},"end":{"line":6,"column":487},"skip":true},"52":{"start":{"line":6,"column":385},"end":{"line":6,"column":487},"skip":true},"53":{"start":{"line":6,"column":488},"end":{"line":6,"column":518}},"54":{"start":{"line":6,"column":518},"end":{"line":6,"column":563}},"55":{"start":{"line":6,"column":563},"end":{"line":6,"column":591}},"56":{"start":{"line":6,"column":591},"end":{"line":6,"column":632}},"57":{"start":{"line":6,"column":632},"end":{"line":6,"column":647}},"58":{"start":{"line":6,"column":647},"end":{"line":27,"column":79}},"59":{"start":{"line":7,"column":37},"end":{"line":7,"column":71}},"60":{"start":{"line":7,"column":71},"end":{"line":7,"column":205}},"61":{"start":{"line":7,"column":88},"end":{"line":7,"column":116}},"62":{"start":{"line":7,"column":116},"end":{"line":7,"column":204}},"63":{"start":{"line":7,"column":205},"end":{"line":27,"column":34}},"64":{"start":{"line":11,"column":6},"end":{"line":11,"column":23},"skip":true},"65":{"start":{"line":11,"column":23},"end":{"line":19,"column":34}},"66":{"start":{"line":12,"column":8},"end":{"line":12,"column":75}},"67":{"start":{"line":13,"column":8},"end":{"line":13,"column":69}},"68":{"start":{"line":14,"column":8},"end":{"line":19,"column":31}},"69":{"start":{"line":25,"column":6},"end":{"line":27,"column":28}},"70":{"start":{"line":27,"column":34},"end":{"line":27,"column":46}},"71":{"start":{"line":33,"column":0},"end":{"line":33,"column":40}},"72":{"start":{"line":33,"column":40},"end":{"line":35,"column":5}},"73":{"start":{"line":35,"column":5},"end":{"line":35,"column":41}}},"branchMap":{"1":{"line":2,"type":"binary-expr","locations":[{"start":{"line":2,"column":165},"end":{"line":2,"column":186},"skip":true},{"start":{"line":2,"column":190},"end":{"line":2,"column":195},"skip":true}]},"2":{"line":2,"type":"if","locations":[{"start":{"line":2,"column":227},"end":{"line":2,"column":227},"skip":true},{"start":{"line":2,"column":227},"end":{"line":2,"column":227},"skip":true}]},"3":{"line":2,"type":"if","locations":[{"start":{"line":2,"column":397},"end":{"line":2,"column":397},"skip":true},{"start":{"line":2,"column":397},"end":{"line":2,"column":397},"skip":true}]},"4":{"line":2,"type":"if","locations":[{"start":{"line":2,"column":465},"end":{"line":2,"column":465},"skip":true},{"start":{"line":2,"column":465},"end":{"line":2,"column":465},"skip":true}]},"5":{"line":3,"type":"if","locations":[{"start":{"line":3,"column":182},"end":{"line":3,"column":182},"skip":true},{"start":{"line":3,"column":182},"end":{"line":3,"column":182},"skip":true}]},"6":{"line":3,"type":"if","locations":[{"start":{"line":3,"column":292},"end":{"line":3,"column":292},"skip":true},{"start":{"line":3,"column":292},"end":{"line":3,"column":292},"skip":true}]},"7":{"line":3,"type":"if","locations":[{"start":{"line":3,"column":360},"end":{"line":3,"column":360},"skip":true},{"start":{"line":3,"column":360},"end":{"line":3,"column":360},"skip":true}]},"8":{"line":3,"type":"if","locations":[{"start":{"line":3,"column":490},"end":{"line":3,"column":490},"skip":true},{"start":{"line":3,"column":490},"end":{"line":3,"column":490},"skip":true}]},"9":{"line":3,"type":"if","locations":[{"start":{"line":3,"column":560},"end":{"line":3,"column":560},"skip":true},{"start":{"line":3,"column":560},"end":{"line":3,"column":560},"skip":true}]},"10":{"line":4,"type":"cond-expr","locations":[{"start":{"line":4,"column":69},"end":{"line":4,"column":72},"skip":true},{"start":{"line":4,"column":75},"end":{"line":4,"column":93},"skip":true}]},"11":{"line":4,"type":"binary-expr","locations":[{"start":{"line":4,"column":45},"end":{"line":4,"column":48},"skip":true},{"start":{"line":4,"column":52},"end":{"line":4,"column":66},"skip":true}]},"12":{"line":5,"type":"if","locations":[{"start":{"line":5,"column":49},"end":{"line":5,"column":49},"skip":true},{"start":{"line":5,"column":49},"end":{"line":5,"column":49},"skip":true}]},"13":{"line":6,"type":"if","locations":[{"start":{"line":6,"column":42},"end":{"line":6,"column":42},"skip":true},{"start":{"line":6,"column":42},"end":{"line":6,"column":42},"skip":true}]},"14":{"line":6,"type":"binary-expr","locations":[{"start":{"line":6,"column":46},"end":{"line":6,"column":78},"skip":true},{"start":{"line":6,"column":82},"end":{"line":6,"column":101},"skip":true}]},"15":{"line":6,"type":"binary-expr","locations":[{"start":{"line":6,"column":240},"end":{"line":6,"column":250},"skip":true},{"start":{"line":6,"column":254},"end":{"line":6,"column":274},"skip":true}]},"16":{"line":6,"type":"if","locations":[{"start":{"line":6,"column":369},"end":{"line":6,"column":369},"skip":true},{"start":{"line":6,"column":369},"end":{"line":6,"column":369},"skip":true}]},"17":{"line":6,"type":"cond-expr","locations":[{"start":{"line":6,"column":409},"end":{"line":6,"column":452},"skip":true},{"start":{"line":6,"column":455},"end":{"line":6,"column":486},"skip":true}]},"18":{"line":12,"type":"cond-expr","locations":[{"start":{"line":12,"column":59},"end":{"line":12,"column":67}},{"start":{"line":12,"column":70},"end":{"line":12,"column":74}}]}},"l":{"1":2,"2":4,"3":2,"4":4,"5":2,"6":2,"7":2,"11":2,"12":6,"13":6,"14":6,"25":2,"27":2,"33":2,"35":2}},
"/Users/antoniopol/Desarrollo/react_examples/src/components/tab.js":{"path":"/Users/antoniopol/Desarrollo/react_examples/src/components/tab.js","s":{"1":1,"2":1,"3":1,"4":1,"5":1,"6":1,"7":1,"8":1,"9":1,"10":1,"11":1,"12":1,"13":1,"14":1,"15":0,"16":1,"17":1,"18":0,"19":0,"20":0,"21":0,"22":0,"23":0,"24":0,"25":0,"26":0,"27":0,"28":0,"29":0,"30":0,"31":0,"32":0,"33":0,"34":0,"35":0,"36":0,"37":0,"38":0,"39":0,"40":0,"41":0,"42":1,"43":1,"44":1,"45":0,"46":0,"47":1,"48":1,"49":0,"50":1,"51":1,"52":1,"53":1,"54":1,"55":1,"56":1,"57":1,"58":1,"59":0,"60":0,"61":1,"62":0,"63":1,"64":1,"65":1},"b":{"1":[1,1],"2":[1,0],"3":[1,0],"4":[0,1],"5":[0,0],"6":[0,0],"7":[0,0],"8":[0,0],"9":[0,0],"10":[0,1],"11":[1,1],"12":[0,0],"13":[0,1],"14":[1,0],"15":[1,1],"16":[1,0],"17":[1,0]},"f":{"1":1,"2":1,"3":1,"4":0,"5":1,"6":0,"7":1,"8":1,"9":0,"10":0},"fnMap":{"1":{"name":"(anonymous_1)","line":2,"loc":{"start":{"line":2,"column":20},"end":{"line":2,"column":32}},"skip":true},"2":{"name":"defineProperties","line":2,"loc":{"start":{"line":2,"column":33},"end":{"line":2,"column":74}},"skip":true},"3":{"name":"(anonymous_3)","line":2,"loc":{"start":{"line":2,"column":348},"end":{"line":2,"column":396}},"skip":true},"4":{"name":"get","line":3,"loc":{"start":{"line":3,"column":11},"end":{"line":3,"column":38}},"skip":true},"5":{"name":"_interopRequireDefault","line":4,"loc":{"start":{"line":4,"column":0},"end":{"line":4,"column":37}},"skip":true},"6":{"name":"_classCallCheck","line":5,"loc":{"start":{"line":5,"column":0},"end":{"line":5,"column":48}},"skip":true},"7":{"name":"_inherits","line":6,"loc":{"start":{"line":6,"column":0},"end":{"line":6,"column":41}},"skip":true},"8":{"name":"(anonymous_8)","line":6,"loc":{"start":{"line":6,"column":589},"end":{"line":6,"column":617}}},"9":{"name":"Tab","line":6,"loc":{"start":{"line":6,"column":651},"end":{"line":6,"column":666}}},"10":{"name":"render","line":7,"loc":{"start":{"line":7,"column":4},"end":{"line":7,"column":22}}}},"statementMap":{"1":{"start":{"line":1,"column":13},"end":{"line":1,"column":75}},"2":{"start":{"line":2,"column":0},"end":{"line":2,"column":551},"skip":true},"3":{"start":{"line":2,"column":33},"end":{"line":2,"column":341},"skip":true},"4":{"start":{"line":2,"column":75},"end":{"line":2,"column":340},"skip":true},"5":{"start":{"line":2,"column":115},"end":{"line":2,"column":141},"skip":true},"6":{"start":{"line":2,"column":141},"end":{"line":2,"column":196},"skip":true},"7":{"start":{"line":2,"column":196},"end":{"line":2,"column":227},"skip":true},"8":{"start":{"line":2,"column":227},"end":{"line":2,"column":281},"skip":true},"9":{"start":{"line":2,"column":254},"end":{"line":2,"column":281},"skip":true},"10":{"start":{"line":2,"column":281},"end":{"line":2,"column":339},"skip":true},"11":{"start":{"line":2,"column":341},"end":{"line":2,"column":546},"skip":true},"12":{"start":{"line":2,"column":397},"end":{"line":2,"column":465},"skip":true},"13":{"start":{"line":2,"column":413},"end":{"line":2,"column":465},"skip":true},"14":{"start":{"line":2,"column":465},"end":{"line":2,"column":525},"skip":true},"15":{"start":{"line":2,"column":482},"end":{"line":2,"column":525},"skip":true},"16":{"start":{"line":2,"column":525},"end":{"line":2,"column":544},"skip":true},"17":{"start":{"line":3,"column":0},"end":{"line":3,"column":638},"skip":true},"18":{"start":{"line":3,"column":39},"end":{"line":3,"column":57},"skip":true},"19":{"start":{"line":3,"column":57},"end":{"line":3,"column":636},"skip":true},"20":{"start":{"line":3,"column":68},"end":{"line":3,"column":636},"skip":true},"21":{"start":{"line":3,"column":84},"end":{"line":3,"column":132},"skip":true},"22":{"start":{"line":3,"column":132},"end":{"line":3,"column":167},"skip":true},"23":{"start":{"line":3,"column":167},"end":{"line":3,"column":182},"skip":true},"24":{"start":{"line":3,"column":182},"end":{"line":3,"column":231},"skip":true},"25":{"start":{"line":3,"column":203},"end":{"line":3,"column":231},"skip":true},"26":{"start":{"line":3,"column":231},"end":{"line":3,"column":292},"skip":true},"27":{"start":{"line":3,"column":292},"end":{"line":3,"column":635},"skip":true},"28":{"start":{"line":3,"column":317},"end":{"line":3,"column":360},"skip":true},"29":{"start":{"line":3,"column":360},"end":{"line":3,"column":483},"skip":true},"30":{"start":{"line":3,"column":382},"end":{"line":3,"column":399},"skip":true},"31":{"start":{"line":3,"column":407},"end":{"line":3,"column":419},"skip":true},"32":{"start":{"line":3,"column":419},"end":{"line":3,"column":434},"skip":true},"33":{"start":{"line":3,"column":434},"end":{"line":3,"column":449},"skip":true},"34":{"start":{"line":3,"column":449},"end":{"line":3,"column":463},"skip":true},"35":{"start":{"line":3,"column":463},"end":{"line":3,"column":482},"skip":true},"36":{"start":{"line":3,"column":490},"end":{"line":3,"column":635},"skip":true},"37":{"start":{"line":3,"column":512},"end":{"line":3,"column":530},"skip":true},"38":{"start":{"line":3,"column":538},"end":{"line":3,"column":560},"skip":true},"39":{"start":{"line":3,"column":560},"end":{"line":3,"column":605},"skip":true},"40":{"start":{"line":3,"column":587},"end":{"line":3,"column":604},"skip":true},"41":{"start":{"line":3,"column":605},"end":{"line":3,"column":634},"skip":true},"42":{"start":{"line":4,"column":0},"end":{"line":4,"column":95},"skip":true},"43":{"start":{"line":4,"column":38},"end":{"line":4,"column":94},"skip":true},"44":{"start":{"line":5,"column":0},"end":{"line":5,"column":149},"skip":true},"45":{"start":{"line":5,"column":49},"end":{"line":5,"column":148},"skip":true},"46":{"start":{"line":5,"column":90},"end":{"line":5,"column":147},"skip":true},"47":{"start":{"line":6,"column":0},"end":{"line":6,"column":488},"skip":true},"48":{"start":{"line":6,"column":42},"end":{"line":6,"column":205},"skip":true},"49":{"start":{"line":6,"column":104},"end":{"line":6,"column":204},"skip":true},"50":{"start":{"line":6,"column":205},"end":{"line":6,"column":369},"skip":true},"51":{"start":{"line":6,"column":369},"end":{"line":6,"column":487},"skip":true},"52":{"start":{"line":6,"column":385},"end":{"line":6,"column":487},"skip":true},"53":{"start":{"line":6,"column":488},"end":{"line":6,"column":518}},"54":{"start":{"line":6,"column":518},"end":{"line":6,"column":563}},"55":{"start":{"line":6,"column":563},"end":{"line":6,"column":578}},"56":{"start":{"line":6,"column":578},"end":{"line":11,"column":76}},"57":{"start":{"line":6,"column":618},"end":{"line":6,"column":651}},"58":{"start":{"line":6,"column":651},"end":{"line":6,"column":782}},"59":{"start":{"line":6,"column":667},"end":{"line":6,"column":694}},"60":{"start":{"line":6,"column":694},"end":{"line":6,"column":781}},"61":{"start":{"line":6,"column":782},"end":{"line":11,"column":32}},"62":{"start":{"line":9,"column":6},"end":{"line":11,"column":26}},"63":{"start":{"line":11,"column":32},"end":{"line":11,"column":43}},"64":{"start":{"line":16,"column":1},"end":{"line":18,"column":4}},"65":{"start":{"line":18,"column":4},"end":{"line":18,"column":40}}},"branchMap":{"1":{"line":2,"type":"binary-expr","locations":[{"start":{"line":2,"column":165},"end":{"line":2,"column":186},"skip":true},{"start":{"line":2,"column":190},"end":{"line":2,"column":195},"skip":true}]},"2":{"line":2,"type":"if","locations":[{"start":{"line":2,"column":227},"end":{"line":2,"column":227},"skip":true},{"start":{"line":2,"column":227},"end":{"line":2,"column":227},"skip":true}]},"3":{"line":2,"type":"if","locations":[{"start":{"line":2,"column":397},"end":{"line":2,"column":397},"skip":true},{"start":{"line":2,"column":397},"end":{"line":2,"column":397},"skip":true}]},"4":{"line":2,"type":"if","locations":[{"start":{"line":2,"column":465},"end":{"line":2,"column":465},"skip":true},{"start":{"line":2,"column":465},"end":{"line":2,"column":465},"skip":true}]},"5":{"line":3,"type":"if","locations":[{"start":{"line":3,"column":182},"end":{"line":3,"column":182},"skip":true},{"start":{"line":3,"column":182},"end":{"line":3,"column":182},"skip":true}]},"6":{"line":3,"type":"if","locations":[{"start":{"line":3,"column":292},"end":{"line":3,"column":292},"skip":true},{"start":{"line":3,"column":292},"end":{"line":3,"column":292},"skip":true}]},"7":{"line":3,"type":"if","locations":[{"start":{"line":3,"column":360},"end":{"line":3,"column":360},"skip":true},{"start":{"line":3,"column":360},"end":{"line":3,"column":360},"skip":true}]},"8":{"line":3,"type":"if","locations":[{"start":{"line":3,"column":490},"end":{"line":3,"column":490},"skip":true},{"start":{"line":3,"column":490},"end":{"line":3,"column":490},"skip":true}]},"9":{"line":3,"type":"if","locations":[{"start":{"line":3,"column":560},"end":{"line":3,"column":560},"skip":true},{"start":{"line":3,"column":560},"end":{"line":3,"column":560},"skip":true}]},"10":{"line":4,"type":"cond-expr","locations":[{"start":{"line":4,"column":69},"end":{"line":4,"column":72},"skip":true},{"start":{"line":4,"column":75},"end":{"line":4,"column":93},"skip":true}]},"11":{"line":4,"type":"binary-expr","locations":[{"start":{"line":4,"column":45},"end":{"line":4,"column":48},"skip":true},{"start":{"line":4,"column":52},"end":{"line":4,"column":66},"skip":true}]},"12":{"line":5,"type":"if","locations":[{"start":{"line":5,"column":49},"end":{"line":5,"column":49},"skip":true},{"start":{"line":5,"column":49},"end":{"line":5,"column":49},"skip":true}]},"13":{"line":6,"type":"if","locations":[{"start":{"line":6,"column":42},"end":{"line":6,"column":42},"skip":true},{"start":{"line":6,"column":42},"end":{"line":6,"column":42},"skip":true}]},"14":{"line":6,"type":"binary-expr","locations":[{"start":{"line":6,"column":46},"end":{"line":6,"column":78},"skip":true},{"start":{"line":6,"column":82},"end":{"line":6,"column":101},"skip":true}]},"15":{"line":6,"type":"binary-expr","locations":[{"start":{"line":6,"column":240},"end":{"line":6,"column":250},"skip":true},{"start":{"line":6,"column":254},"end":{"line":6,"column":274},"skip":true}]},"16":{"line":6,"type":"if","locations":[{"start":{"line":6,"column":369},"end":{"line":6,"column":369},"skip":true},{"start":{"line":6,"column":369},"end":{"line":6,"column":369},"skip":true}]},"17":{"line":6,"type":"cond-expr","locations":[{"start":{"line":6,"column":409},"end":{"line":6,"column":452},"skip":true},{"start":{"line":6,"column":455},"end":{"line":6,"column":486},"skip":true}]}},"l":{"1":1,"2":1,"3":1,"4":1,"5":1,"6":1,"9":0,"11":1,"16":1,"18":1}},
"/Users/antoniopol/Desarrollo/react_examples/src/components/list.js":{"path":"/Users/antoniopol/Desarrollo/react_examples/src/components/list.js","s":{"1":3,"2":3,"3":1,"4":3,"5":3,"6":3,"7":3,"8":3,"9":3,"10":3,"11":3,"12":3,"13":3,"14":3,"15":0,"16":3,"17":3,"18":3,"19":3,"20":3,"21":3,"22":3,"23":3,"24":3,"25":0,"26":3,"27":3,"28":0,"29":0,"30":0,"31":0,"32":0,"33":0,"34":0,"35":0,"36":3,"37":3,"38":0,"39":0,"40":0,"41":0,"42":1,"43":6,"44":1,"45":3,"46":0,"47":1,"48":3,"49":0,"50":3,"51":3,"52":3,"53":3,"54":3,"55":3,"56":3,"57":3,"58":3,"59":1,"60":3,"61":3,"62":3,"63":3,"64":9,"65":3,"66":3,"67":3,"68":3},"b":{"1":[3,3],"2":[3,0],"3":[3,0],"4":[0,3],"5":[0,3],"6":[0,3],"7":[0,0],"8":[3,0],"9":[0,0],"10":[0,6],"11":[6,6],"12":[0,3],"13":[0,3],"14":[3,0],"15":[3,3],"16":[3,0],"17":[3,0]},"f":{"1":3,"2":3,"3":3,"4":3,"5":6,"6":3,"7":3,"8":3,"9":3,"10":3,"11":9},"fnMap":{"1":{"name":"(anonymous_1)","line":2,"loc":{"start":{"line":2,"column":20},"end":{"line":2,"column":32}},"skip":true},"2":{"name":"defineProperties","line":2,"loc":{"start":{"line":2,"column":33},"end":{"line":2,"column":74}},"skip":true},"3":{"name":"(anonymous_3)","line":2,"loc":{"start":{"line":2,"column":348},"end":{"line":2,"column":396}},"skip":true},"4":{"name":"get","line":3,"loc":{"start":{"line":3,"column":11},"end":{"line":3,"column":38}},"skip":true},"5":{"name":"_interopRequireDefault","line":4,"loc":{"start":{"line":4,"column":0},"end":{"line":4,"column":37}},"skip":true},"6":{"name":"_classCallCheck","line":5,"loc":{"start":{"line":5,"column":0},"end":{"line":5,"column":48}},"skip":true},"7":{"name":"_inherits","line":6,"loc":{"start":{"line":6,"column":0},"end":{"line":6,"column":41}},"skip":true},"8":{"name":"(anonymous_8)","line":7,"loc":{"start":{"line":7,"column":8},"end":{"line":7,"column":36}}},"9":{"name":"List","line":7,"loc":{"start":{"line":7,"column":71},"end":{"line":7,"column":87}}},"10":{"name":"render","line":8,"loc":{"start":{"line":8,"column":4},"end":{"line":8,"column":22}}},"11":{"name":"(anonymous_11)","line":9,"loc":{"start":{"line":9,"column":39},"end":{"line":9,"column":55}}}},"statementMap":{"1":{"start":{"line":1,"column":13},"end":{"line":1,"column":75}},"2":{"start":{"line":2,"column":0},"end":{"line":2,"column":551},"skip":true},"3":{"start":{"line":2,"column":33},"end":{"line":2,"column":341},"skip":true},"4":{"start":{"line":2,"column":75},"end":{"line":2,"column":340},"skip":true},"5":{"start":{"line":2,"column":115},"end":{"line":2,"column":141},"skip":true},"6":{"start":{"line":2,"column":141},"end":{"line":2,"column":196},"skip":true},"7":{"start":{"line":2,"column":196},"end":{"line":2,"column":227},"skip":true},"8":{"start":{"line":2,"column":227},"end":{"line":2,"column":281},"skip":true},"9":{"start":{"line":2,"column":254},"end":{"line":2,"column":281},"skip":true},"10":{"start":{"line":2,"column":281},"end":{"line":2,"column":339},"skip":true},"11":{"start":{"line":2,"column":341},"end":{"line":2,"column":546},"skip":true},"12":{"start":{"line":2,"column":397},"end":{"line":2,"column":465},"skip":true},"13":{"start":{"line":2,"column":413},"end":{"line":2,"column":465},"skip":true},"14":{"start":{"line":2,"column":465},"end":{"line":2,"column":525},"skip":true},"15":{"start":{"line":2,"column":482},"end":{"line":2,"column":525},"skip":true},"16":{"start":{"line":2,"column":525},"end":{"line":2,"column":544},"skip":true},"17":{"start":{"line":3,"column":0},"end":{"line":3,"column":638},"skip":true},"18":{"start":{"line":3,"column":39},"end":{"line":3,"column":57},"skip":true},"19":{"start":{"line":3,"column":57},"end":{"line":3,"column":636},"skip":true},"20":{"start":{"line":3,"column":68},"end":{"line":3,"column":636},"skip":true},"21":{"start":{"line":3,"column":84},"end":{"line":3,"column":132},"skip":true},"22":{"start":{"line":3,"column":132},"end":{"line":3,"column":167},"skip":true},"23":{"start":{"line":3,"column":167},"end":{"line":3,"column":182},"skip":true},"24":{"start":{"line":3,"column":182},"end":{"line":3,"column":231},"skip":true},"25":{"start":{"line":3,"column":203},"end":{"line":3,"column":231},"skip":true},"26":{"start":{"line":3,"column":231},"end":{"line":3,"column":292},"skip":true},"27":{"start":{"line":3,"column":292},"end":{"line":3,"column":635},"skip":true},"28":{"start":{"line":3,"column":317},"end":{"line":3,"column":360},"skip":true},"29":{"start":{"line":3,"column":360},"end":{"line":3,"column":483},"skip":true},"30":{"start":{"line":3,"column":382},"end":{"line":3,"column":399},"skip":true},"31":{"start":{"line":3,"column":407},"end":{"line":3,"column":419},"skip":true},"32":{"start":{"line":3,"column":419},"end":{"line":3,"column":434},"skip":true},"33":{"start":{"line":3,"column":434},"end":{"line":3,"column":449},"skip":true},"34":{"start":{"line":3,"column":449},"end":{"line":3,"column":463},"skip":true},"35":{"start":{"line":3,"column":463},"end":{"line":3,"column":482},"skip":true},"36":{"start":{"line":3,"column":490},"end":{"line":3,"column":635},"skip":true},"37":{"start":{"line":3,"column":512},"end":{"line":3,"column":530},"skip":true},"38":{"start":{"line":3,"column":538},"end":{"line":3,"column":560},"skip":true},"39":{"start":{"line":3,"column":560},"end":{"line":3,"column":605},"skip":true},"40":{"start":{"line":3,"column":587},"end":{"line":3,"column":604},"skip":true},"41":{"start":{"line":3,"column":605},"end":{"line":3,"column":634},"skip":true},"42":{"start":{"line":4,"column":0},"end":{"line":4,"column":95},"skip":true},"43":{"start":{"line":4,"column":38},"end":{"line":4,"column":94},"skip":true},"44":{"start":{"line":5,"column":0},"end":{"line":5,"column":149},"skip":true},"45":{"start":{"line":5,"column":49},"end":{"line":5,"column":148},"skip":true},"46":{"start":{"line":5,"column":90},"end":{"line":5,"column":147},"skip":true},"47":{"start":{"line":6,"column":0},"end":{"line":6,"column":488},"skip":true},"48":{"start":{"line":6,"column":42},"end":{"line":6,"column":205},"skip":true},"49":{"start":{"line":6,"column":104},"end":{"line":6,"column":204},"skip":true},"50":{"start":{"line":6,"column":205},"end":{"line":6,"column":369},"skip":true},"51":{"start":{"line":6,"column":369},"end":{"line":6,"column":487},"skip":true},"52":{"start":{"line":6,"column":385},"end":{"line":6,"column":487},"skip":true},"53":{"start":{"line":6,"column":488},"end":{"line":6,"column":518}},"54":{"start":{"line":6,"column":518},"end":{"line":6,"column":563}},"55":{"start":{"line":6,"column":563},"end":{"line":6,"column":593}},"56":{"start":{"line":6,"column":593},"end":{"line":6,"column":636}},"57":{"start":{"line":6,"column":636},"end":{"line":18,"column":106}},"58":{"start":{"line":7,"column":37},"end":{"line":7,"column":71}},"59":{"start":{"line":7,"column":71},"end":{"line":7,"column":205}},"60":{"start":{"line":7,"column":88},"end":{"line":7,"column":116}},"61":{"start":{"line":7,"column":116},"end":{"line":7,"column":204}},"62":{"start":{"line":7,"column":205},"end":{"line":18,"column":61}},"63":{"start":{"line":9,"column":6},"end":{"line":10,"column":96}},"64":{"start":{"line":10,"column":8},"end":{"line":10,"column":93}},"65":{"start":{"line":13,"column":6},"end":{"line":18,"column":55}},"66":{"start":{"line":18,"column":61},"end":{"line":18,"column":73}},"67":{"start":{"line":22,"column":1},"end":{"line":24,"column":5}},"68":{"start":{"line":24,"column":5},"end":{"line":24,"column":41}}},"branchMap":{"1":{"line":2,"type":"binary-expr","locations":[{"start":{"line":2,"column":165},"end":{"line":2,"column":186},"skip":true},{"start":{"line":2,"column":190},"end":{"line":2,"column":195},"skip":true}]},"2":{"line":2,"type":"if","locations":[{"start":{"line":2,"column":227},"end":{"line":2,"column":227},"skip":true},{"start":{"line":2,"column":227},"end":{"line":2,"column":227},"skip":true}]},"3":{"line":2,"type":"if","locations":[{"start":{"line":2,"column":397},"end":{"line":2,"column":397},"skip":true},{"start":{"line":2,"column":397},"end":{"line":2,"column":397},"skip":true}]},"4":{"line":2,"type":"if","locations":[{"start":{"line":2,"column":465},"end":{"line":2,"column":465},"skip":true},{"start":{"line":2,"column":465},"end":{"line":2,"column":465},"skip":true}]},"5":{"line":3,"type":"if","locations":[{"start":{"line":3,"column":182},"end":{"line":3,"column":182},"skip":true},{"start":{"line":3,"column":182},"end":{"line":3,"column":182},"skip":true}]},"6":{"line":3,"type":"if","locations":[{"start":{"line":3,"column":292},"end":{"line":3,"column":292},"skip":true},{"start":{"line":3,"column":292},"end":{"line":3,"column":292},"skip":true}]},"7":{"line":3,"type":"if","locations":[{"start":{"line":3,"column":360},"end":{"line":3,"column":360},"skip":true},{"start":{"line":3,"column":360},"end":{"line":3,"column":360},"skip":true}]},"8":{"line":3,"type":"if","locations":[{"start":{"line":3,"column":490},"end":{"line":3,"column":490},"skip":true},{"start":{"line":3,"column":490},"end":{"line":3,"column":490},"skip":true}]},"9":{"line":3,"type":"if","locations":[{"start":{"line":3,"column":560},"end":{"line":3,"column":560},"skip":true},{"start":{"line":3,"column":560},"end":{"line":3,"column":560},"skip":true}]},"10":{"line":4,"type":"cond-expr","locations":[{"start":{"line":4,"column":69},"end":{"line":4,"column":72},"skip":true},{"start":{"line":4,"column":75},"end":{"line":4,"column":93},"skip":true}]},"11":{"line":4,"type":"binary-expr","locations":[{"start":{"line":4,"column":45},"end":{"line":4,"column":48},"skip":true},{"start":{"line":4,"column":52},"end":{"line":4,"column":66},"skip":true}]},"12":{"line":5,"type":"if","locations":[{"start":{"line":5,"column":49},"end":{"line":5,"column":49},"skip":true},{"start":{"line":5,"column":49},"end":{"line":5,"column":49},"skip":true}]},"13":{"line":6,"type":"if","locations":[{"start":{"line":6,"column":42},"end":{"line":6,"column":42},"skip":true},{"start":{"line":6,"column":42},"end":{"line":6,"column":42},"skip":true}]},"14":{"line":6,"type":"binary-expr","locations":[{"start":{"line":6,"column":46},"end":{"line":6,"column":78},"skip":true},{"start":{"line":6,"column":82},"end":{"line":6,"column":101},"skip":true}]},"15":{"line":6,"type":"binary-expr","locations":[{"start":{"line":6,"column":240},"end":{"line":6,"column":250},"skip":true},{"start":{"line":6,"column":254},"end":{"line":6,"column":274},"skip":true}]},"16":{"line":6,"type":"if","locations":[{"start":{"line":6,"column":369},"end":{"line":6,"column":369},"skip":true},{"start":{"line":6,"column":369},"end":{"line":6,"column":369},"skip":true}]},"17":{"line":6,"type":"cond-expr","locations":[{"start":{"line":6,"column":409},"end":{"line":6,"column":452},"skip":true},{"start":{"line":6,"column":455},"end":{"line":6,"column":486},"skip":true}]}},"l":{"1":3,"2":3,"3":3,"4":6,"5":3,"6":3,"7":3,"9":3,"10":9,"13":3,"18":3,"22":3,"24":3}},
"/Users/antoniopol/Desarrollo/react_examples/src/components/item.js":{"path":"/Users/antoniopol/Desarrollo/react_examples/src/components/item.js","s":{"1":7,"2":7,"3":2,"4":7,"5":7,"6":7,"7":7,"8":7,"9":7,"10":7,"11":7,"12":7,"13":7,"14":7,"15":0,"16":7,"17":7,"18":13,"19":13,"20":13,"21":13,"22":13,"23":13,"24":13,"25":0,"26":13,"27":13,"28":0,"29":0,"30":0,"31":0,"32":0,"33":0,"34":0,"35":0,"36":13,"37":13,"38":0,"39":0,"40":0,"41":0,"42":2,"43":7,"44":2,"45":13,"46":0,"47":2,"48":7,"49":0,"50":7,"51":7,"52":7,"53":7,"54":7,"55":7,"56":7,"57":2,"58":13,"59":13,"60":7,"61":13,"62":7,"63":7,"64":7,"65":7},"b":{"1":[7,7],"2":[7,0],"3":[7,0],"4":[0,7],"5":[0,13],"6":[0,13],"7":[0,0],"8":[13,0],"9":[0,0],"10":[0,7],"11":[7,7],"12":[0,13],"13":[0,7],"14":[7,0],"15":[7,7],"16":[7,0],"17":[7,0]},"f":{"1":7,"2":7,"3":7,"4":13,"5":7,"6":13,"7":7,"8":7,"9":13,"10":13},"fnMap":{"1":{"name":"(anonymous_1)","line":2,"loc":{"start":{"line":2,"column":20},"end":{"line":2,"column":32}},"skip":true},"2":{"name":"defineProperties","line":2,"loc":{"start":{"line":2,"column":33},"end":{"line":2,"column":74}},"skip":true},"3":{"name":"(anonymous_3)","line":2,"loc":{"start":{"line":2,"column":348},"end":{"line":2,"column":396}},"skip":true},"4":{"name":"get","line":3,"loc":{"start":{"line":3,"column":11},"end":{"line":3,"column":38}},"skip":true},"5":{"name":"_interopRequireDefault","line":4,"loc":{"start":{"line":4,"column":0},"end":{"line":4,"column":37}},"skip":true},"6":{"name":"_classCallCheck","line":5,"loc":{"start":{"line":5,"column":0},"end":{"line":5,"column":48}},"skip":true},"7":{"name":"_inherits","line":6,"loc":{"start":{"line":6,"column":0},"end":{"line":6,"column":41}},"skip":true},"8":{"name":"(anonymous_8)","line":6,"loc":{"start":{"line":6,"column":575},"end":{"line":6,"column":603}}},"9":{"name":"Item","line":6,"loc":{"start":{"line":6,"column":638},"end":{"line":6,"column":654}}},"10":{"name":"render","line":10,"loc":{"start":{"line":10,"column":4},"end":{"line":10,"column":22}}}},"statementMap":{"1":{"start":{"line":1,"column":13},"end":{"line":1,"column":75}},"2":{"start":{"line":2,"column":0},"end":{"line":2,"column":551},"skip":true},"3":{"start":{"line":2,"column":33},"end":{"line":2,"column":341},"skip":true},"4":{"start":{"line":2,"column":75},"end":{"line":2,"column":340},"skip":true},"5":{"start":{"line":2,"column":115},"end":{"line":2,"column":141},"skip":true},"6":{"start":{"line":2,"column":141},"end":{"line":2,"column":196},"skip":true},"7":{"start":{"line":2,"column":196},"end":{"line":2,"column":227},"skip":true},"8":{"start":{"line":2,"column":227},"end":{"line":2,"column":281},"skip":true},"9":{"start":{"line":2,"column":254},"end":{"line":2,"column":281},"skip":true},"10":{"start":{"line":2,"column":281},"end":{"line":2,"column":339},"skip":true},"11":{"start":{"line":2,"column":341},"end":{"line":2,"column":546},"skip":true},"12":{"start":{"line":2,"column":397},"end":{"line":2,"column":465},"skip":true},"13":{"start":{"line":2,"column":413},"end":{"line":2,"column":465},"skip":true},"14":{"start":{"line":2,"column":465},"end":{"line":2,"column":525},"skip":true},"15":{"start":{"line":2,"column":482},"end":{"line":2,"column":525},"skip":true},"16":{"start":{"line":2,"column":525},"end":{"line":2,"column":544},"skip":true},"17":{"start":{"line":3,"column":0},"end":{"line":3,"column":638},"skip":true},"18":{"start":{"line":3,"column":39},"end":{"line":3,"column":57},"skip":true},"19":{"start":{"line":3,"column":57},"end":{"line":3,"column":636},"skip":true},"20":{"start":{"line":3,"column":68},"end":{"line":3,"column":636},"skip":true},"21":{"start":{"line":3,"column":84},"end":{"line":3,"column":132},"skip":true},"22":{"start":{"line":3,"column":132},"end":{"line":3,"column":167},"skip":true},"23":{"start":{"line":3,"column":167},"end":{"line":3,"column":182},"skip":true},"24":{"start":{"line":3,"column":182},"end":{"line":3,"column":231},"skip":true},"25":{"start":{"line":3,"column":203},"end":{"line":3,"column":231},"skip":true},"26":{"start":{"line":3,"column":231},"end":{"line":3,"column":292},"skip":true},"27":{"start":{"line":3,"column":292},"end":{"line":3,"column":635},"skip":true},"28":{"start":{"line":3,"column":317},"end":{"line":3,"column":360},"skip":true},"29":{"start":{"line":3,"column":360},"end":{"line":3,"column":483},"skip":true},"30":{"start":{"line":3,"column":382},"end":{"line":3,"column":399},"skip":true},"31":{"start":{"line":3,"column":407},"end":{"line":3,"column":419},"skip":true},"32":{"start":{"line":3,"column":419},"end":{"line":3,"column":434},"skip":true},"33":{"start":{"line":3,"column":434},"end":{"line":3,"column":449},"skip":true},"34":{"start":{"line":3,"column":449},"end":{"line":3,"column":463},"skip":true},"35":{"start":{"line":3,"column":463},"end":{"line":3,"column":482},"skip":true},"36":{"start":{"line":3,"column":490},"end":{"line":3,"column":635},"skip":true},"37":{"start":{"line":3,"column":512},"end":{"line":3,"column":530},"skip":true},"38":{"start":{"line":3,"column":538},"end":{"line":3,"column":560},"skip":true},"39":{"start":{"line":3,"column":560},"end":{"line":3,"column":605},"skip":true},"40":{"start":{"line":3,"column":587},"end":{"line":3,"column":604},"skip":true},"41":{"start":{"line":3,"column":605},"end":{"line":3,"column":634},"skip":true},"42":{"start":{"line":4,"column":0},"end":{"line":4,"column":95},"skip":true},"43":{"start":{"line":4,"column":38},"end":{"line":4,"column":94},"skip":true},"44":{"start":{"line":5,"column":0},"end":{"line":5,"column":149},"skip":true},"45":{"start":{"line":5,"column":49},"end":{"line":5,"column":148},"skip":true},"46":{"start":{"line":5,"column":90},"end":{"line":5,"column":147},"skip":true},"47":{"start":{"line":6,"column":0},"end":{"line":6,"column":488},"skip":true},"48":{"start":{"line":6,"column":42},"end":{"line":6,"column":205},"skip":true},"49":{"start":{"line":6,"column":104},"end":{"line":6,"column":204},"skip":true},"50":{"start":{"line":6,"column":205},"end":{"line":6,"column":369},"skip":true},"51":{"start":{"line":6,"column":369},"end":{"line":6,"column":487},"skip":true},"52":{"start":{"line":6,"column":385},"end":{"line":6,"column":487},"skip":true},"53":{"start":{"line":6,"column":488},"end":{"line":6,"column":518}},"54":{"start":{"line":6,"column":518},"end":{"line":6,"column":563}},"55":{"start":{"line":6,"column":563},"end":{"line":13,"column":76}},"56":{"start":{"line":6,"column":604},"end":{"line":6,"column":638}},"57":{"start":{"line":6,"column":638},"end":{"line":6,"column":772}},"58":{"start":{"line":6,"column":655},"end":{"line":6,"column":683}},"59":{"start":{"line":6,"column":683},"end":{"line":6,"column":771}},"60":{"start":{"line":6,"column":772},"end":{"line":13,"column":31}},"61":{"start":{"line":11,"column":6},"end":{"line":13,"column":25}},"62":{"start":{"line":13,"column":31},"end":{"line":13,"column":43}},"63":{"start":{"line":20,"column":0},"end":{"line":20,"column":39}},"64":{"start":{"line":20,"column":39},"end":{"line":22,"column":5}},"65":{"start":{"line":22,"column":5},"end":{"line":22,"column":41}}},"branchMap":{"1":{"line":2,"type":"binary-expr","locations":[{"start":{"line":2,"column":165},"end":{"line":2,"column":186},"skip":true},{"start":{"line":2,"column":190},"end":{"line":2,"column":195},"skip":true}]},"2":{"line":2,"type":"if","locations":[{"start":{"line":2,"column":227},"end":{"line":2,"column":227},"skip":true},{"start":{"line":2,"column":227},"end":{"line":2,"column":227},"skip":true}]},"3":{"line":2,"type":"if","locations":[{"start":{"line":2,"column":397},"end":{"line":2,"column":397},"skip":true},{"start":{"line":2,"column":397},"end":{"line":2,"column":397},"skip":true}]},"4":{"line":2,"type":"if","locations":[{"start":{"line":2,"column":465},"end":{"line":2,"column":465},"skip":true},{"start":{"line":2,"column":465},"end":{"line":2,"column":465},"skip":true}]},"5":{"line":3,"type":"if","locations":[{"start":{"line":3,"column":182},"end":{"line":3,"column":182},"skip":true},{"start":{"line":3,"column":182},"end":{"line":3,"column":182},"skip":true}]},"6":{"line":3,"type":"if","locations":[{"start":{"line":3,"column":292},"end":{"line":3,"column":292},"skip":true},{"start":{"line":3,"column":292},"end":{"line":3,"column":292},"skip":true}]},"7":{"line":3,"type":"if","locations":[{"start":{"line":3,"column":360},"end":{"line":3,"column":360},"skip":true},{"start":{"line":3,"column":360},"end":{"line":3,"column":360},"skip":true}]},"8":{"line":3,"type":"if","locations":[{"start":{"line":3,"column":490},"end":{"line":3,"column":490},"skip":true},{"start":{"line":3,"column":490},"end":{"line":3,"column":490},"skip":true}]},"9":{"line":3,"type":"if","locations":[{"start":{"line":3,"column":560},"end":{"line":3,"column":560},"skip":true},{"start":{"line":3,"column":560},"end":{"line":3,"column":560},"skip":true}]},"10":{"line":4,"type":"cond-expr","locations":[{"start":{"line":4,"column":69},"end":{"line":4,"column":72},"skip":true},{"start":{"line":4,"column":75},"end":{"line":4,"column":93},"skip":true}]},"11":{"line":4,"type":"binary-expr","locations":[{"start":{"line":4,"column":45},"end":{"line":4,"column":48},"skip":true},{"start":{"line":4,"column":52},"end":{"line":4,"column":66},"skip":true}]},"12":{"line":5,"type":"if","locations":[{"start":{"line":5,"column":49},"end":{"line":5,"column":49},"skip":true},{"start":{"line":5,"column":49},"end":{"line":5,"column":49},"skip":true}]},"13":{"line":6,"type":"if","locations":[{"start":{"line":6,"column":42},"end":{"line":6,"column":42},"skip":true},{"start":{"line":6,"column":42},"end":{"line":6,"column":42},"skip":true}]},"14":{"line":6,"type":"binary-expr","locations":[{"start":{"line":6,"column":46},"end":{"line":6,"column":78},"skip":true},{"start":{"line":6,"column":82},"end":{"line":6,"column":101},"skip":true}]},"15":{"line":6,"type":"binary-expr","locations":[{"start":{"line":6,"column":240},"end":{"line":6,"column":250},"skip":true},{"start":{"line":6,"column":254},"end":{"line":6,"column":274},"skip":true}]},"16":{"line":6,"type":"if","locations":[{"start":{"line":6,"column":369},"end":{"line":6,"column":369},"skip":true},{"start":{"line":6,"column":369},"end":{"line":6,"column":369},"skip":true}]},"17":{"line":6,"type":"cond-expr","locations":[{"start":{"line":6,"column":409},"end":{"line":6,"column":452},"skip":true},{"start":{"line":6,"column":455},"end":{"line":6,"column":486},"skip":true}]}},"l":{"1":7,"2":7,"3":13,"4":7,"5":13,"6":13,"11":13,"13":7,"20":7,"22":7}}}
