TN:
SF:/Users/antoniopol/Desarrollo/react_examples/src/components/tab_system.js
FN:2,(anonymous_1)
FN:2,defineProperties
FN:2,(anonymous_3)
FN:3,get
FN:4,_interopRequireDefault
FN:5,_classCallCheck
FN:6,_inherits
FN:6,(anonymous_8)
FN:8,TabSystem
FN:13,changeTab
FN:18,renderTabs
FN:19,(anonymous_12)
FN:29,renderDescription
FN:38,render
FNF:14
FNH:14
FNDA:1,(anonymous_1)
FNDA:1,defineProperties
FNDA:1,(anonymous_3)
FNDA:5,get
FNDA:1,_interopRequireDefault
FNDA:5,_classCallCheck
FNDA:1,_inherits
FNDA:1,(anonymous_8)
FNDA:5,TabSystem
FNDA:1,changeTab
FNDA:6,renderTabs
FNDA:18,(anonymous_12)
FNDA:6,renderDescription
FNDA:6,render
DA:1,1
DA:2,4
DA:3,5
DA:4,1
DA:5,5
DA:6,1
DA:8,5
DA:9,5
DA:10,5
DA:15,1
DA:19,6
DA:20,18
DA:21,18
DA:30,6
DA:31,6
DA:39,6
DA:48,1
DA:54,1
DA:56,1
LF:19
LH:19
BRDA:2,1,0,4
BRDA:2,1,1,4
BRDA:2,2,0,4
BRDA:2,2,1,0
BRDA:2,3,0,1
BRDA:2,3,1,0
BRDA:2,4,0,0
BRDA:2,4,1,1
BRDA:3,5,0,0
BRDA:3,5,1,5
BRDA:3,6,0,0
BRDA:3,6,1,5
BRDA:3,7,0,0
BRDA:3,7,1,0
BRDA:3,8,0,5
BRDA:3,8,1,0
BRDA:3,9,0,0
BRDA:3,9,1,0
BRDA:4,10,0,0
BRDA:4,10,1,1
BRDA:4,11,0,1
BRDA:4,11,1,1
BRDA:5,12,0,0
BRDA:5,12,1,5
BRDA:6,13,0,0
BRDA:6,13,1,1
BRDA:6,14,0,1
BRDA:6,14,1,0
BRDA:6,15,0,1
BRDA:6,15,1,1
BRDA:6,16,0,1
BRDA:6,16,1,0
BRDA:6,17,0,1
BRDA:6,17,1,0
BRF:34
BRH:34
end_of_record
TN:
SF:/Users/antoniopol/Desarrollo/react_examples/src/components/tab_system2.js
FN:2,(anonymous_1)
FN:2,defineProperties
FN:2,(anonymous_3)
FN:3,get
FN:4,_interopRequireDefault
FN:5,_classCallCheck
FN:6,_inherits
FN:13,(anonymous_8)
FN:14,TabSystem2
FN:19,handleClick
FN:23,render
FNF:11
FNH:10
FNDA:1,(anonymous_1)
FNDA:1,defineProperties
FNDA:1,(anonymous_3)
FNDA:4,get
FNDA:2,_interopRequireDefault
FNDA:4,_classCallCheck
FNDA:1,_inherits
FNDA:1,(anonymous_8)
FNDA:4,TabSystem2
FNDA:0,handleClick
FNDA:4,render
DA:1,1
DA:2,2
DA:3,4
DA:4,2
DA:5,4
DA:6,1
DA:7,1
DA:10,1
DA:13,1
DA:14,4
DA:15,4
DA:16,4
DA:20,0
DA:24,4
DA:28,1
DA:32,1
DA:35,1
LF:17
LH:16
BRDA:2,1,0,2
BRDA:2,1,1,2
BRDA:2,2,0,2
BRDA:2,2,1,0
BRDA:2,3,0,1
BRDA:2,3,1,0
BRDA:2,4,0,0
BRDA:2,4,1,1
BRDA:3,5,0,0
BRDA:3,5,1,4
BRDA:3,6,0,0
BRDA:3,6,1,4
BRDA:3,7,0,0
BRDA:3,7,1,0
BRDA:3,8,0,4
BRDA:3,8,1,0
BRDA:3,9,0,0
BRDA:3,9,1,0
BRDA:4,10,0,0
BRDA:4,10,1,2
BRDA:4,11,0,2
BRDA:4,11,1,2
BRDA:5,12,0,0
BRDA:5,12,1,4
BRDA:6,13,0,0
BRDA:6,13,1,1
BRDA:6,14,0,1
BRDA:6,14,1,0
BRDA:6,15,0,1
BRDA:6,15,1,1
BRDA:6,16,0,1
BRDA:6,16,1,0
BRDA:6,17,0,1
BRDA:6,17,1,0
BRF:34
BRH:34
end_of_record
TN:
SF:/Users/antoniopol/Desarrollo/react_examples/src/components/tabs.js
FN:2,(anonymous_1)
FN:2,defineProperties
FN:2,(anonymous_3)
FN:3,get
FN:4,_interopRequireDefault
FN:5,_classCallCheck
FN:6,_inherits
FN:7,(anonymous_8)
FN:7,Tabs
FN:10,renderTabs
FN:11,(anonymous_11)
FN:24,render
FNF:12
FNH:12
FNDA:2,(anonymous_1)
FNDA:2,defineProperties
FNDA:2,(anonymous_3)
FNDA:2,get
FNDA:4,_interopRequireDefault
FNDA:2,_classCallCheck
FNDA:2,_inherits
FNDA:2,(anonymous_8)
FNDA:2,Tabs
FNDA:2,renderTabs
FNDA:6,(anonymous_11)
FNDA:2,render
DA:1,2
DA:2,4
DA:3,2
DA:4,4
DA:5,2
DA:6,2
DA:7,2
DA:11,2
DA:12,6
DA:13,6
DA:14,6
DA:25,2
DA:27,2
DA:33,2
DA:35,2
LF:15
LH:15
BRDA:2,1,0,4
BRDA:2,1,1,4
BRDA:2,2,0,4
BRDA:2,2,1,0
BRDA:2,3,0,2
BRDA:2,3,1,0
BRDA:2,4,0,0
BRDA:2,4,1,2
BRDA:3,5,0,0
BRDA:3,5,1,2
BRDA:3,6,0,0
BRDA:3,6,1,2
BRDA:3,7,0,0
BRDA:3,7,1,0
BRDA:3,8,0,2
BRDA:3,8,1,0
BRDA:3,9,0,0
BRDA:3,9,1,0
BRDA:4,10,0,0
BRDA:4,10,1,4
BRDA:4,11,0,4
BRDA:4,11,1,4
BRDA:5,12,0,0
BRDA:5,12,1,2
BRDA:6,13,0,0
BRDA:6,13,1,2
BRDA:6,14,0,2
BRDA:6,14,1,0
BRDA:6,15,0,2
BRDA:6,15,1,2
BRDA:6,16,0,2
BRDA:6,16,1,0
BRDA:6,17,0,2
BRDA:6,17,1,0
BRDA:12,18,0,0
BRDA:12,18,1,6
BRF:36
BRH:35
end_of_record
TN:
SF:/Users/antoniopol/Desarrollo/react_examples/src/components/tab.js
FN:2,(anonymous_1)
FN:2,defineProperties
FN:2,(anonymous_3)
FN:3,get
FN:4,_interopRequireDefault
FN:5,_classCallCheck
FN:6,_inherits
FN:6,(anonymous_8)
FN:6,Tab
FN:7,render
FNF:10
FNH:8
FNDA:1,(anonymous_1)
FNDA:1,defineProperties
FNDA:1,(anonymous_3)
FNDA:0,get
FNDA:1,_interopRequireDefault
FNDA:0,_classCallCheck
FNDA:1,_inherits
FNDA:1,(anonymous_8)
FNDA:0,Tab
FNDA:0,render
DA:1,1
DA:2,1
DA:3,1
DA:4,1
DA:5,1
DA:6,1
DA:9,0
DA:11,1
DA:16,1
DA:18,1
LF:10
LH:9
BRDA:2,1,0,1
BRDA:2,1,1,1
BRDA:2,2,0,1
BRDA:2,2,1,0
BRDA:2,3,0,1
BRDA:2,3,1,0
BRDA:2,4,0,0
BRDA:2,4,1,1
BRDA:3,5,0,0
BRDA:3,5,1,0
BRDA:3,6,0,0
BRDA:3,6,1,0
BRDA:3,7,0,0
BRDA:3,7,1,0
BRDA:3,8,0,0
BRDA:3,8,1,0
BRDA:3,9,0,0
BRDA:3,9,1,0
BRDA:4,10,0,0
BRDA:4,10,1,1
BRDA:4,11,0,1
BRDA:4,11,1,1
BRDA:5,12,0,0
BRDA:5,12,1,0
BRDA:6,13,0,0
BRDA:6,13,1,1
BRDA:6,14,0,1
BRDA:6,14,1,0
BRDA:6,15,0,1
BRDA:6,15,1,1
BRDA:6,16,0,1
BRDA:6,16,1,0
BRDA:6,17,0,1
BRDA:6,17,1,0
BRF:34
BRH:34
end_of_record
TN:
SF:/Users/antoniopol/Desarrollo/react_examples/src/components/list.js
FN:2,(anonymous_1)
FN:2,defineProperties
FN:2,(anonymous_3)
FN:3,get
FN:4,_interopRequireDefault
FN:5,_classCallCheck
FN:6,_inherits
FN:7,(anonymous_8)
FN:7,List
FN:8,render
FN:9,(anonymous_11)
FNF:11
FNH:11
FNDA:3,(anonymous_1)
FNDA:3,defineProperties
FNDA:3,(anonymous_3)
FNDA:3,get
FNDA:6,_interopRequireDefault
FNDA:3,_classCallCheck
FNDA:3,_inherits
FNDA:3,(anonymous_8)
FNDA:3,List
FNDA:3,render
FNDA:9,(anonymous_11)
DA:1,3
DA:2,3
DA:3,3
DA:4,6
DA:5,3
DA:6,3
DA:7,3
DA:9,3
DA:10,9
DA:13,3
DA:18,3
DA:22,3
DA:24,3
LF:13
LH:13
BRDA:2,1,0,3
BRDA:2,1,1,3
BRDA:2,2,0,3
BRDA:2,2,1,0
BRDA:2,3,0,3
BRDA:2,3,1,0
BRDA:2,4,0,0
BRDA:2,4,1,3
BRDA:3,5,0,0
BRDA:3,5,1,3
BRDA:3,6,0,0
BRDA:3,6,1,3
BRDA:3,7,0,0
BRDA:3,7,1,0
BRDA:3,8,0,3
BRDA:3,8,1,0
BRDA:3,9,0,0
BRDA:3,9,1,0
BRDA:4,10,0,0
BRDA:4,10,1,6
BRDA:4,11,0,6
BRDA:4,11,1,6
BRDA:5,12,0,0
BRDA:5,12,1,3
BRDA:6,13,0,0
BRDA:6,13,1,3
BRDA:6,14,0,3
BRDA:6,14,1,0
BRDA:6,15,0,3
BRDA:6,15,1,3
BRDA:6,16,0,3
BRDA:6,16,1,0
BRDA:6,17,0,3
BRDA:6,17,1,0
BRF:34
BRH:34
end_of_record
TN:
SF:/Users/antoniopol/Desarrollo/react_examples/src/components/item.js
FN:2,(anonymous_1)
FN:2,defineProperties
FN:2,(anonymous_3)
FN:3,get
FN:4,_interopRequireDefault
FN:5,_classCallCheck
FN:6,_inherits
FN:6,(anonymous_8)
FN:6,Item
FN:10,render
FNF:10
FNH:10
FNDA:7,(anonymous_1)
FNDA:7,defineProperties
FNDA:7,(anonymous_3)
FNDA:13,get
FNDA:7,_interopRequireDefault
FNDA:13,_classCallCheck
FNDA:7,_inherits
FNDA:7,(anonymous_8)
FNDA:13,Item
FNDA:13,render
DA:1,7
DA:2,7
DA:3,13
DA:4,7
DA:5,13
DA:6,13
DA:11,13
DA:13,7
DA:20,7
DA:22,7
LF:10
LH:10
BRDA:2,1,0,7
BRDA:2,1,1,7
BRDA:2,2,0,7
BRDA:2,2,1,0
BRDA:2,3,0,7
BRDA:2,3,1,0
BRDA:2,4,0,0
BRDA:2,4,1,7
BRDA:3,5,0,0
BRDA:3,5,1,13
BRDA:3,6,0,0
BRDA:3,6,1,13
BRDA:3,7,0,0
BRDA:3,7,1,0
BRDA:3,8,0,13
BRDA:3,8,1,0
BRDA:3,9,0,0
BRDA:3,9,1,0
BRDA:4,10,0,0
BRDA:4,10,1,7
BRDA:4,11,0,7
BRDA:4,11,1,7
BRDA:5,12,0,0
BRDA:5,12,1,13
BRDA:6,13,0,0
BRDA:6,13,1,7
BRDA:6,14,0,7
BRDA:6,14,1,0
BRDA:6,15,0,7
BRDA:6,15,1,7
BRDA:6,16,0,7
BRDA:6,16,1,0
BRDA:6,17,0,7
BRDA:6,17,1,0
BRF:34
BRH:34
end_of_record
